Determining if the pthread_create exist failed with the following output:
Change Dir: /home/anton/github/aido-auto/ros/catkin_ws/build/CMakeFiles/CMakeTmp

Run Build Command:"/usr/bin/make" "cmTC_4d42f/fast"
/usr/bin/make -f CMakeFiles/cmTC_4d42f.dir/build.make CMakeFiles/cmTC_4d42f.dir/build
make[1]: вход в каталог «/home/anton/github/aido-auto/ros/catkin_ws/build/CMakeFiles/CMakeTmp»
Building C object CMakeFiles/cmTC_4d42f.dir/CheckSymbolExists.c.o
/usr/bin/cc     -o CMakeFiles/cmTC_4d42f.dir/CheckSymbolExists.c.o   -c /home/anton/github/aido-auto/ros/catkin_ws/build/CMakeFiles/CMakeTmp/CheckSymbolExists.c
Linking C executable cmTC_4d42f
/usr/bin/cmake -E cmake_link_script CMakeFiles/cmTC_4d42f.dir/link.txt --verbose=1
/usr/bin/cc       CMakeFiles/cmTC_4d42f.dir/CheckSymbolExists.c.o  -o cmTC_4d42f -rdynamic 
CMakeFiles/cmTC_4d42f.dir/CheckSymbolExists.c.o: In function `main':
CheckSymbolExists.c:(.text+0xa): undefined reference to `pthread_create'
collect2: error: ld returned 1 exit status
CMakeFiles/cmTC_4d42f.dir/build.make:97: ошибка выполнения рецепта для цели «cmTC_4d42f»
make[1]: *** [cmTC_4d42f] Ошибка 1
make[1]: выход из каталога «/home/anton/github/aido-auto/ros/catkin_ws/build/CMakeFiles/CMakeTmp»
Makefile:126: ошибка выполнения рецепта для цели «cmTC_4d42f/fast»
make: *** [cmTC_4d42f/fast] Ошибка 2

File /home/anton/github/aido-auto/ros/catkin_ws/build/CMakeFiles/CMakeTmp/CheckSymbolExists.c:
/* */
#include <pthread.h>

int main(int argc, char** argv)
{
  (void)argv;
#ifndef pthread_create
  return ((int*)(&pthread_create))[argc];
#else
  (void)argc;
  return 0;
#endif
}

Determining if the function pthread_create exists in the pthreads failed with the following output:
Change Dir: /home/anton/github/aido-auto/ros/catkin_ws/build/CMakeFiles/CMakeTmp

Run Build Command:"/usr/bin/make" "cmTC_3ba64/fast"
/usr/bin/make -f CMakeFiles/cmTC_3ba64.dir/build.make CMakeFiles/cmTC_3ba64.dir/build
make[1]: вход в каталог «/home/anton/github/aido-auto/ros/catkin_ws/build/CMakeFiles/CMakeTmp»
Building C object CMakeFiles/cmTC_3ba64.dir/CheckFunctionExists.c.o
/usr/bin/cc    -DCHECK_FUNCTION_EXISTS=pthread_create   -o CMakeFiles/cmTC_3ba64.dir/CheckFunctionExists.c.o   -c /usr/share/cmake-3.5/Modules/CheckFunctionExists.c
Linking C executable cmTC_3ba64
/usr/bin/cmake -E cmake_link_script CMakeFiles/cmTC_3ba64.dir/link.txt --verbose=1
/usr/bin/cc   -DCHECK_FUNCTION_EXISTS=pthread_create    CMakeFiles/cmTC_3ba64.dir/CheckFunctionExists.c.o  -o cmTC_3ba64 -rdynamic -lpthreads 
/usr/bin/ld: cannot find -lpthreads
collect2: error: ld returned 1 exit status
CMakeFiles/cmTC_3ba64.dir/build.make:97: ошибка выполнения рецепта для цели «cmTC_3ba64»
make[1]: *** [cmTC_3ba64] Ошибка 1
make[1]: выход из каталога «/home/anton/github/aido-auto/ros/catkin_ws/build/CMakeFiles/CMakeTmp»
Makefile:126: ошибка выполнения рецепта для цели «cmTC_3ba64/fast»
make: *** [cmTC_3ba64/fast] Ошибка 2


